0 verbose cli /usr/local/bin/node /usr/local/bin/npm
1 info using npm@9.2.0
2 info using node@v18.12.1
3 timing npm:load:whichnode Completed in 0ms
4 timing config:load:defaults Completed in 14ms
5 timing config:load:file:/usr/local/lib/node_modules/npm/npmrc Completed in 0ms
6 timing config:load:builtin Completed in 2ms
7 warn config production Use `--omit=dev` instead.
8 timing config:load:cli Completed in 3ms
9 timing config:load:env Completed in 0ms
10 timing config:load:project Completed in 1ms
11 timing config:load:file:/home/container/.npmrc Completed in 0ms
12 timing config:load:user Completed in 0ms
13 timing config:load:file:/usr/local/etc/npmrc Completed in 0ms
14 timing config:load:global Completed in 0ms
15 timing config:load:setEnvs Completed in 1ms
16 timing config:load Completed in 22ms
17 timing npm:load:configload Completed in 22ms
18 timing npm:load:mkdirpcache Completed in 0ms
19 timing npm:load:mkdirplogs Completed in 1ms
20 verbose title npm install
21 verbose argv "install" "--production"
22 timing npm:load:setTitle Completed in 1ms
23 timing config:load:flatten Completed in 4ms
24 timing npm:load:display Completed in 8ms
25 verbose logfile logs-max:10 dir:/home/container/.npm/_logs/2023-01-02T07_58_24_228Z-
26 verbose logfile /home/container/.npm/_logs/2023-01-02T07_58_24_228Z-debug-0.log
27 timing npm:load:logFile Completed in 7ms
28 timing npm:load:timers Completed in 0ms
29 timing npm:load:configScope Completed in 0ms
30 timing npm:load Completed in 41ms
31 silly logfile start cleaning logs, removing 1 files
32 timing config:load:flatten Completed in 1ms
33 timing arborist:ctor Completed in 1ms
34 silly logfile done cleaning log files
35 timing idealTree Completed in 2ms
36 timing command:install Completed in 12ms
37 verbose stack JSONParseError: Unexpected token "/" (0x2F) in JSON at position 1380 while parsing near "...e\": \"^4.11.2\"\n  }\n}\n///////////bob"
37 verbose stack     at /usr/local/lib/node_modules/npm/node_modules/read-package-json-fast/lib/index.js:11:61
37 verbose stack     at async Arborist.buildIdealTree (/usr/local/lib/node_modules/npm/node_modules/@npmcli/arborist/lib/arborist/build-ideal-tree.js:203:7)
37 verbose stack     at async Promise.all (index 1)
37 verbose stack     at async Arborist.reify (/usr/local/lib/node_modules/npm/node_modules/@npmcli/arborist/lib/arborist/reify.js:156:5)
37 verbose stack     at async Install.exec (/usr/local/lib/node_modules/npm/lib/commands/install.js:146:5)
37 verbose stack     at async module.exports (/usr/local/lib/node_modules/npm/lib/cli.js:133:5)
38 verbose cwd /home/container
39 verbose Linux 5.4.0-122-generic
40 verbose node v18.12.1
41 verbose npm  v9.2.0
42 error code EJSONPARSE
43 error path /home/container/package.json
44 error JSON.parse Unexpected token "/" (0x2F) in JSON at position 1380 while parsing near "...e\": \"^4.11.2\"\n  }\n}\n///////////bob"
45 error JSON.parse Failed to parse JSON data.
45 error JSON.parse Note: package.json must be actual JSON, not just JavaScript.
46 verbose exit 1
47 timing npm Completed in 94ms
48 verbose unfinished npm timer reify 1672646304317
49 verbose unfinished npm timer reify:loadTrees 1672646304319
50 verbose unfinished npm timer idealTree:init 1672646304320
51 verbose code 1
52 error A complete log of this run can be found in:
52 error     /home/container/.npm/_logs/2023-01-02T07_58_24_228Z-debug-0.log
