0 verbose cli /usr/local/bin/node /usr/local/bin/npm
1 info using npm@9.2.0
2 info using node@v18.12.1
3 timing npm:load:whichnode Completed in 0ms
4 timing config:load:defaults Completed in 15ms
5 timing config:load:file:/usr/local/lib/node_modules/npm/npmrc Completed in 2ms
6 timing config:load:builtin Completed in 2ms
7 timing config:load:cli Completed in 2ms
8 timing config:load:env Completed in 1ms
9 timing config:load:project Completed in 2ms
10 timing config:load:file:/home/container/.npmrc Completed in 0ms
11 timing config:load:user Completed in 0ms
12 timing config:load:file:/usr/local/etc/npmrc Completed in 1ms
13 timing config:load:global Completed in 1ms
14 timing config:load:setEnvs Completed in 1ms
15 timing config:load Completed in 24ms
16 timing npm:load:configload Completed in 25ms
17 timing npm:load:mkdirpcache Completed in 1ms
18 timing npm:load:mkdirplogs Completed in 0ms
19 verbose title npm install discord.js
20 verbose argv "install" "discord.js"
21 timing npm:load:setTitle Completed in 1ms
22 timing config:load:flatten Completed in 3ms
23 timing npm:load:display Completed in 5ms
24 verbose logfile logs-max:10 dir:/home/container/.npm/_logs/2023-01-02T07_58_51_327Z-
25 verbose logfile /home/container/.npm/_logs/2023-01-02T07_58_51_327Z-debug-0.log
26 timing npm:load:logFile Completed in 6ms
27 timing npm:load:timers Completed in 0ms
28 timing npm:load:configScope Completed in 0ms
29 timing npm:load Completed in 38ms
30 silly logfile start cleaning logs, removing 1 files
31 timing config:load:flatten Completed in 1ms
32 timing arborist:ctor Completed in 1ms
33 silly logfile done cleaning log files
34 timing idealTree:init Completed in 878ms
35 timing idealTree:userRequests Completed in 5ms
36 silly idealTree buildDeps
37 silly fetch manifest discord.js@^13.12.0
38 verbose shrinkwrap failed to load node_modules/.package-lock.json out of date, updated: node_modules
39 http fetch GET 200 https://registry.npmjs.org/discord.js 1124ms (cache revalidated)
40 silly placeDep ROOT discord.js@13.12.0 REPLACE for: system-bot-3@1.0.0 want: ^13.12.0
41 timing idealTree:#root Completed in 1186ms
42 timing idealTree:node_modules/discord.js Completed in 0ms
43 timing idealTree:buildDeps Completed in 1188ms
44 timing idealTree:fixDepFlags Completed in 46ms
45 timing idealTree Completed in 2136ms
46 timing reify:loadTrees Completed in 2258ms
47 timing reify:diffTrees Completed in 38ms
48 silly reify mark retired [ '/home/container/node_modules/esbuild-android-64' ]
49 silly reify mark retired [ '/home/container/node_modules/esbuild-android-arm64' ]
50 silly reify mark retired [ '/home/container/node_modules/esbuild-darwin-64' ]
51 silly reify mark retired [ '/home/container/node_modules/esbuild-darwin-arm64' ]
52 silly reify mark retired [ '/home/container/node_modules/esbuild-freebsd-64' ]
53 silly reify mark retired [ '/home/container/node_modules/esbuild-freebsd-arm64' ]
54 silly reify mark retired [ '/home/container/node_modules/esbuild-linux-32' ]
55 silly reify mark retired [ '/home/container/node_modules/esbuild-linux-arm' ]
56 silly reify mark retired [ '/home/container/node_modules/esbuild-linux-arm64' ]
57 silly reify mark retired [ '/home/container/node_modules/esbuild-linux-mips64le' ]
58 silly reify mark retired [ '/home/container/node_modules/esbuild-linux-ppc64le' ]
59 silly reify mark retired [ '/home/container/node_modules/esbuild-linux-riscv64' ]
60 silly reify mark retired [ '/home/container/node_modules/esbuild-linux-s390x' ]
61 silly reify mark retired [ '/home/container/node_modules/esbuild-netbsd-64' ]
62 silly reify mark retired [ '/home/container/node_modules/esbuild-openbsd-64' ]
63 silly reify mark retired [ '/home/container/node_modules/esbuild-sunos-64' ]
64 silly reify mark retired [ '/home/container/node_modules/esbuild-windows-32' ]
65 silly reify mark retired [ '/home/container/node_modules/esbuild-windows-64' ]
66 silly reify mark retired [ '/home/container/node_modules/esbuild-windows-arm64' ]
67 silly reify mark retired [ '/home/container/node_modules/fsevents' ]
68 silly reify mark retired [ '/home/container/node_modules/@esbuild/linux-loong64' ]
69 silly reify mark retired [ '/home/container/node_modules/@napi-rs/canvas-android-arm64' ]
70 silly reify mark retired [ '/home/container/node_modules/@napi-rs/canvas-darwin-arm64' ]
71 silly reify mark retired [ '/home/container/node_modules/@napi-rs/canvas-darwin-x64' ]
72 silly reify mark retired [ '/home/container/node_modules/@napi-rs/canvas-linux-arm-gnueabihf' ]
73 silly reify mark retired [ '/home/container/node_modules/@napi-rs/canvas-linux-arm64-gnu' ]
74 silly reify mark retired [ '/home/container/node_modules/@napi-rs/canvas-linux-arm64-musl' ]
75 silly reify mark retired [ '/home/container/node_modules/@napi-rs/canvas-win32-x64-msvc' ]
76 silly reify moves {
76 silly reify   '/home/container/node_modules/esbuild-android-64': '/home/container/node_modules/.esbuild-android-64-VGlTzcSy',
76 silly reify   '/home/container/node_modules/esbuild-android-arm64': '/home/container/node_modules/.esbuild-android-arm64-pqF20Rqf',
76 silly reify   '/home/container/node_modules/esbuild-darwin-64': '/home/container/node_modules/.esbuild-darwin-64-rfNn6G4w',
76 silly reify   '/home/container/node_modules/esbuild-darwin-arm64': '/home/container/node_modules/.esbuild-darwin-arm64-o72RaueJ',
76 silly reify   '/home/container/node_modules/esbuild-freebsd-64': '/home/container/node_modules/.esbuild-freebsd-64-sU6jJSWe',
76 silly reify   '/home/container/node_modules/esbuild-freebsd-arm64': '/home/container/node_modules/.esbuild-freebsd-arm64-rHdRIchb',
76 silly reify   '/home/container/node_modules/esbuild-linux-32': '/home/container/node_modules/.esbuild-linux-32-DWT8GPc8',
76 silly reify   '/home/container/node_modules/esbuild-linux-arm': '/home/container/node_modules/.esbuild-linux-arm-cam23A6v',
76 silly reify   '/home/container/node_modules/esbuild-linux-arm64': '/home/container/node_modules/.esbuild-linux-arm64-xTruTlZE',
76 silly reify   '/home/container/node_modules/esbuild-linux-mips64le': '/home/container/node_modules/.esbuild-linux-mips64le-KrXo18HC',
76 silly reify   '/home/container/node_modules/esbuild-linux-ppc64le': '/home/container/node_modules/.esbuild-linux-ppc64le-XshnAZUg',
76 silly reify   '/home/container/node_modules/esbuild-linux-riscv64': '/home/container/node_modules/.esbuild-linux-riscv64-t8AoMptL',
76 silly reify   '/home/container/node_modules/esbuild-linux-s390x': '/home/container/node_modules/.esbuild-linux-s390x-bOksaE4W',
76 silly reify   '/home/container/node_modules/esbuild-netbsd-64': '/home/container/node_modules/.esbuild-netbsd-64-cjIqL23T',
76 silly reify   '/home/container/node_modules/esbuild-openbsd-64': '/home/container/node_modules/.esbuild-openbsd-64-q5HGWhHW',
76 silly reify   '/home/container/node_modules/esbuild-sunos-64': '/home/container/node_modules/.esbuild-sunos-64-HOs2E1ba',
76 silly reify   '/home/container/node_modules/esbuild-windows-32': '/home/container/node_modules/.esbuild-windows-32-DLjBQ0yh',
76 silly reify   '/home/container/node_modules/esbuild-windows-64': '/home/container/node_modules/.esbuild-windows-64-W0ilZdgH',
76 silly reify   '/home/container/node_modules/esbuild-windows-arm64': '/home/container/node_modules/.esbuild-windows-arm64-qcay8haK',
76 silly reify   '/home/container/node_modules/fsevents': '/home/container/node_modules/.fsevents-q1nV4mzX',
76 silly reify   '/home/container/node_modules/@esbuild/linux-loong64': '/home/container/node_modules/@esbuild/.linux-loong64-zeuLX92d',
76 silly reify   '/home/container/node_modules/@napi-rs/canvas-android-arm64': '/home/container/node_modules/@napi-rs/.canvas-android-arm64-76mvoS4r',
76 silly reify   '/home/container/node_modules/@napi-rs/canvas-darwin-arm64': '/home/container/node_modules/@napi-rs/.canvas-darwin-arm64-DLHUMAd2',
76 silly reify   '/home/container/node_modules/@napi-rs/canvas-darwin-x64': '/home/container/node_modules/@napi-rs/.canvas-darwin-x64-9Yedf2kw',
76 silly reify   '/home/container/node_modules/@napi-rs/canvas-linux-arm-gnueabihf': '/home/container/node_modules/@napi-rs/.canvas-linux-arm-gnueabihf-uFy9JgKc',
76 silly reify   '/home/container/node_modules/@napi-rs/canvas-linux-arm64-gnu': '/home/container/node_modules/@napi-rs/.canvas-linux-arm64-gnu-wIKpfz8g',
76 silly reify   '/home/container/node_modules/@napi-rs/canvas-linux-arm64-musl': '/home/container/node_modules/@napi-rs/.canvas-linux-arm64-musl-voYSbQrJ',
76 silly reify   '/home/container/node_modules/@napi-rs/canvas-win32-x64-msvc': '/home/container/node_modules/@napi-rs/.canvas-win32-x64-msvc-RZObGDKj'
76 silly reify }
77 timing reify:retireShallow Completed in 22ms
78 timing reify:createSparse Completed in 7ms
79 timing reify:loadBundles Completed in 0ms
80 silly audit bulk request {
80 silly audit   '@iamtraction/google-translate': [ '2.0.1' ],
80 silly audit   '@androz2091/discord-invites-tracker': [ '1.2.3' ],
80 silly audit   '@aws-crypto/ie11-detection': [ '2.0.2' ],
80 silly audit   tslib: [ '1.14.1', '2.4.1' ],
80 silly audit   '@aws-crypto/sha256-browser': [ '2.0.0' ],
80 silly audit   '@aws-crypto/sha256-js': [ '2.0.0' ],
80 silly audit   '@aws-crypto/supports-web-crypto': [ '2.0.2' ],
80 silly audit   '@aws-crypto/util': [ '2.0.2' ],
80 silly audit   '@aws-sdk/abort-controller': [ '3.222.0' ],
80 silly audit   '@aws-sdk/client-cognito-identity': [ '3.222.0' ],
80 silly audit   '@aws-sdk/client-sso': [ '3.222.0' ],
80 silly audit   '@aws-sdk/client-sso-oidc': [ '3.222.0' ],
80 silly audit   '@aws-sdk/client-sts': [ '3.222.0' ],
80 silly audit   '@aws-sdk/config-resolver': [ '3.222.0' ],
80 silly audit   '@aws-sdk/credential-provider-cognito-identity': [ '3.222.0' ],
80 silly audit   '@aws-sdk/credential-provider-env': [ '3.222.0' ],
80 silly audit   '@aws-sdk/credential-provider-imds': [ '3.222.0' ],
80 silly audit   '@aws-sdk/credential-provider-ini': [ '3.222.0' ],
80 silly audit   '@aws-sdk/credential-provider-node': [ '3.222.0' ],
80 silly audit   '@aws-sdk/credential-provider-process': [ '3.222.0' ],
80 silly audit   '@aws-sdk/credential-provider-sso': [ '3.222.0' ],
80 silly audit   '@aws-sdk/credential-provider-web-identity': [ '3.222.0' ],
80 silly audit   '@aws-sdk/credential-providers': [ '3.222.0' ],
80 silly audit   '@aws-sdk/fetch-http-handler': [ '3.222.0' ],
80 silly audit   '@aws-sdk/hash-node': [ '3.222.0' ],
80 silly audit   '@aws-sdk/invalid-dependency': [ '3.222.0' ],
80 silly audit   '@aws-sdk/is-array-buffer': [ '3.201.0' ],
80 silly audit   '@aws-sdk/middleware-content-length': [ '3.222.0' ],
80 silly audit   '@aws-sdk/middleware-endpoint': [ '3.222.0' ],
80 silly audit   '@aws-sdk/middleware-host-header': [ '3.222.0' ],
80 silly audit   '@aws-sdk/middleware-logger': [ '3.222.0' ],
80 silly audit   '@aws-sdk/middleware-recursion-detection': [ '3.222.0' ],
80 silly audit   '@aws-sdk/middleware-retry': [ '3.222.0' ],
80 silly audit   '@aws-sdk/middleware-sdk-sts': [ '3.222.0' ],
80 silly audit   '@aws-sdk/middleware-serde': [ '3.222.0' ],
80 silly audit   '@aws-sdk/middleware-signing': [ '3.222.0' ],
80 silly audit   '@aws-sdk/middleware-stack': [ '3.222.0' ],
80 silly audit   '@aws-sdk/middleware-user-agent': [ '3.222.0' ],
80 silly audit   '@aws-sdk/node-config-provider': [ '3.222.0' ],
80 silly audit   '@aws-sdk/node-http-handler': [ '3.222.0' ],
80 silly audit   '@aws-sdk/property-provider': [ '3.222.0' ],
80 silly audit   '@aws-sdk/protocol-http': [ '3.222.0' ],
80 silly audit   '@aws-sdk/querystring-builder': [ '3.222.0' ],
80 silly audit   '@aws-sdk/querystring-parser': [ '3.222.0' ],
80 silly audit   '@aws-sdk/service-error-classification': [ '3.222.0' ],
80 silly audit   '@aws-sdk/shared-ini-file-loader': [ '3.222.0' ],
80 silly audit   '@aws-sdk/signature-v4': [ '3.222.0' ],
80 silly audit   '@aws-sdk/smithy-client': [ '3.222.0' ],
80 silly audit   '@aws-sdk/token-providers': [ '3.222.0' ],
80 silly audit   '@aws-sdk/types': [ '3.222.0' ],
80 silly audit   '@aws-sdk/url-parser': [ '3.222.0' ],
80 silly audit   '@aws-sdk/util-base64': [ '3.208.0' ],
80 silly audit   '@aws-sdk/util-body-length-browser': [ '3.188.0' ],
80 silly audit   '@aws-sdk/util-body-length-node': [ '3.208.0' ],
80 silly audit   '@aws-sdk/util-buffer-from': [ '3.208.0' ],
80 silly audit   '@aws-sdk/util-config-provider': [ '3.208.0' ],
80 silly audit   '@aws-sdk/util-defaults-mode-browser': [ '3.222.0' ],
80 silly audit   '@aws-sdk/util-defaults-mode-node': [ '3.222.0' ],
80 silly audit   '@aws-sdk/util-endpoints': [ '3.222.0' ],
80 silly audit   '@aws-sdk/util-hex-encoding': [ '3.201.0' ],
80 silly audit   '@aws-sdk/util-locate-window': [ '3.208.0' ],
80 silly audit   '@aws-sdk/util-middleware': [ '3.222.0' ],
80 silly audit   '@aws-sdk/util-retry': [ '3.222.0' ],
80 silly audit   '@aws-sdk/util-uri-escape': [ '3.201.0' ],
80 silly audit   '@aws-sdk/util-user-agent-browser': [ '3.222.0' ],
80 silly audit   '@aws-sdk/util-user-agent-node': [ '3.222.0' ],
80 silly audit   '@aws-sdk/util-utf8-browser': [ '3.188.0' ],
80 silly audit   '@aws-sdk/util-utf8-node': [ '3.208.0' ],
80 silly audit   '@babel/runtime': [ '7.20.6' ],
80 silly audit   '@derhuerst/http-basic': [ '8.2.4' ],
80 silly audit   '@discordjs/builders': [ '0.16.0', '1.4.0' ],
80 silly audit   'discord-api-types': [ '0.36.3', '0.37.20', '0.33.5', '0.22.0', '0.37.21' ],
80 silly audit   '@discordjs/collection': [ '0.7.0', '1.3.0' ],
80 silly audit   '@discordjs/rest': [ '1.4.0' ],
80 silly audit   'file-type': [ '18.0.0', '9.0.0' ],
80 silly audit   '@discordjs/util': [ '0.1.0' ],
80 silly audit   '@discordjs/voice': [ '0.14.0', '0.6.0' ],
80 silly audit   '@esbuild/linux-loong64': [ '0.14.54' ],
80 silly audit   '@haileybot/captcha-generator': [ '1.7.0' ],
80 silly audit   '@jimp/bmp': [ '0.16.2' ],
80 silly audit   '@jimp/core': [ '0.16.2' ],
80 silly audit   '@jimp/custom': [ '0.16.2' ],
80 silly audit   '@jimp/gif': [ '0.16.2' ],
80 silly audit   '@jimp/jpeg': [ '0.16.2' ],
80 silly audit   '@jimp/plugin-blit': [ '0.16.2' ],
80 silly audit   '@jimp/plugin-blur': [ '0.16.2' ],
80 silly audit   '@jimp/plugin-circle': [ '0.16.2' ],
80 silly audit   '@jimp/plugin-color': [ '0.16.2' ],
80 silly audit   '@jimp/plugin-contain': [ '0.16.2' ],
80 silly audit   '@jimp/plugin-cover': [ '0.16.2' ],
80 silly audit   '@jimp/plugin-crop': [ '0.16.2' ],
80 silly audit   '@jimp/plugin-displace': [ '0.16.2' ],
80 silly audit   '@jimp/plugin-dither': [ '0.16.2' ],
80 silly audit   '@jimp/plugin-fisheye': [ '0.16.2' ],
80 silly audit   '@jimp/plugin-flip': [ '0.16.2' ],
80 silly audit   '@jimp/plugin-gaussian': [ '0.16.2' ],
80 silly audit   '@jimp/plugin-invert': [ '0.16.2' ],
80 silly audit   '@jimp/plugin-mask': [ '0.16.2' ],
80 silly audit   '@jimp/plugin-normalize': [ '0.16.2' ],
80 silly audit   '@jimp/plugin-print': [ '0.16.2' ],
80 silly audit   '@jimp/plugin-resize': [ '0.16.2' ],
80 silly audit   '@jimp/plugin-rotate': [ '0.16.2' ],
80 silly audit   '@jimp/plugin-scale': [ '0.16.2' ],
80 silly audit   '@jimp/plugin-shadow': [ '0.16.2' ],
80 silly audit   '@jimp/plugin-threshold': [ '0.16.2' ],
80 silly audit   '@jimp/plugins': [ '0.16.2' ],
80 silly audit   '@jimp/png': [ '0.16.2' ],
80 silly audit   '@jimp/tiff': [ '0.16.2' ],
80 silly audit   '@jimp/types': [ '0.16.2' ],
80 silly audit   '@jimp/utils': [ '0.16.2' ],
80 silly audit   '@mapbox/node-pre-gyp': [ '1.0.10' ],
80 silly audit   '@napi-rs/canvas': [ '0.1.30' ],
80 silly audit   '@napi-rs/canvas-android-arm64': [ '0.1.30' ],
80 silly audit   '@napi-rs/canvas-darwin-arm64': [ '0.1.30' ],
80 silly audit   '@napi-rs/canvas-darwin-x64': [ '0.1.30' ],
80 silly audit   '@napi-rs/canvas-linux-arm-gnueabihf': [ '0.1.30' ],
80 silly audit   '@napi-rs/canvas-linux-arm64-gnu': [ '0.1.30' ],
80 silly audit   '@napi-rs/canvas-linux-arm64-musl': [ '0.1.30' ],
80 silly audit   '@napi-rs/canvas-linux-x64-gnu': [ '0.1.30' ],
80 silly audit   '@napi-rs/canvas-linux-x64-musl': [ '0.1.30' ],
80 silly audit   '@napi-rs/canvas-win32-x64-msvc': [ '0.1.30' ],
80 silly audit   '@nodelib/fs.scandir': [ '2.1.5' ],
80 silly audit   '@nodelib/fs.stat': [ '2.0.5' ],
80 silly audit   '@nodelib/fs.walk': [ '1.2.8' ],
80 silly audit   '@replit/node-fetch': [ '3.1.0' ],
80 silly audit   '@replit/repl-auth': [ '1.0.0' ],
80 silly audit   '@sapphire/async-queue': [ '1.5.0' ],
80 silly audit   '@sapphire/shapeshift': [ '3.7.1' ],
80 silly audit   '@sapphire/snowflake': [ '3.2.2' ],
80 silly audit   '@sindresorhus/is': [ '0.14.0' ],
80 silly audit   '@skyra/gifenc': [ '1.0.1' ],
80 silly audit   '@szmarczak/http-timer': [ '1.1.2' ],
80 silly audit   '@tokenizer/token': [ '0.3.0' ],
80 silly audit   '@types/body-parser': [ '1.19.2' ],
80 silly audit   '@types/connect': [ '3.4.35' ],
80 silly audit   '@types/express': [ '4.17.14' ],
80 silly audit   '@types/express-serve-static-core': [ '4.17.31' ],
80 silly audit   '@types/mime': [ '3.0.1' ],
80 silly audit   '@types/node': [ '18.11.10', '10.17.60', '16.9.1' ],
80 silly audit   '@types/node-fetch': [ '2.6.2' ],
80 silly audit   'form-data': [ '3.0.1', '4.0.0' ],
80 silly audit   '@types/qs': [ '6.9.7' ],
80 silly audit   '@types/range-parser': [ '1.2.4' ],
80 silly audit   '@types/serve-static': [ '1.15.0' ],
80 silly audit   '@types/webidl-conversions': [ '7.0.0' ],
80 silly audit   '@types/whatwg-url': [ '8.2.2' ],
80 silly audit   '@types/ws': [ '8.5.3', '7.4.7' ],
80 silly audit   '@vitalets/google-translate-api': [ '8.0.0' ],
80 silly audit   '@vultr/vultr-node': [ '2.3.3' ],
80 silly audit   abbrev: [ '1.1.1' ],
80 silly audit   accepts: [ '1.3.8' ],
80 silly audit   'agent-base': [ '6.0.2' ],
80 silly audit   debug: [ '4.3.4', '2.6.9' ],
80 silly audit   ms: [ '2.1.2', '2.0.0', '2.1.3' ],
80 silly audit   'aki-api': [ '6.0.8' ],
80 silly audit   axios: [ '0.21.4', '1.2.1' ],
80 silly audit   'amethyste-api': [ '1.1.5' ],
80 silly audit   'ansi-regex': [ '5.0.1', '4.1.1' ],
80 silly audit   'ansi-styles': [ '4.3.0' ],
80 silly audit   'any-base': [ '1.1.0' ],
80 silly audit   'any-promise': [ '1.3.0' ],
80 silly audit   anymatch: [ '3.1.3' ],
80 silly audit   aproba: [ '2.0.0' ],
80 silly audit   'are-we-there-yet': [ '2.0.0' ],
80 silly audit   'array-flatten': [ '1.1.1' ],
80 silly audit   'array-union': [ '2.1.0' ],
80 silly audit   'ascii-table': [ '0.0.9' ],
80 silly audit   asn1: [ '0.2.6' ],
80 silly audit   asynckit: [ '0.4.0' ],
80 silly audit   'balanced-match': [ '1.0.2' ],
80 silly audit   'base64-js': [ '1.5.1' ],
80 silly audit   'bcrypt-pbkdf': [ '1.0.2' ],
80 silly audit   'better-sqlite3': [ '7.6.2' ],
80 silly audit   'binary-extensions': [ '2.2.0' ],
80 silly audit   bindings: [ '1.5.0' ],
80 silly audit   bl: [ '4.1.0' ],
80 silly audit   'bmp-js': [ '0.1.0' ],
80 silly audit   'body-parser': [ '1.20.1' ],
80 silly audit   boolbase: [ '1.0.0' ],
80 silly audit   bowser: [ '2.11.0' ],
80 silly audit   'brace-expansion': [ '2.0.1', '1.1.11' ],
80 silly audit   braces: [ '3.0.2' ],
80 silly audit   bson: [ '4.7.0' ],
80 silly audit   buffer: [ '5.7.1' ],
80 silly audit   'buffer-equal': [ '0.0.1' ],
80 silly audit   'buffer-from': [ '1.1.2' ],
80 silly audit   buildcheck: [ '0.0.3' ],
80 silly audit   'bundle-require': [ '3.1.2' ],
80 silly audit   busboy: [ '1.6.0' ],
80 silly audit   bytes: [ '3.1.2' ],
80 silly audit   cac: [ '6.7.14' ],
80 silly audit   'cacheable-request': [ '6.1.0' ],
80 silly audit   'get-stream': [ '5.2.0', '6.0.1', '4.1.0' ],
80 silly audit   'lowercase-keys': [ '2.0.0', '1.0.1' ],
80 silly audit   'call-bind': [ '1.0.2' ],
80 silly audit   canvacord: [ '5.4.8' ],
80 silly audit   chalk: [ '5.2.0', '4.1.2' ],
80 silly audit   canvafy: [ '2.1.0' ],
80 silly audit   canvas: [ '2.10.2' ],
80 silly audit   caseless: [ '0.12.0' ],
80 silly audit   cheerio: [ '1.0.0-rc.12' ],
80 silly audit   'cheerio-select': [ '2.1.0' ],
80 silly audit   chokidar: [ '3.5.3' ],
80 silly audit   chownr: [ '2.0.0', '1.1.4' ],
80 silly audit   'cli-table': [ '0.3.11' ],
80 silly audit   colors: [ '1.0.3', '1.4.0' ],
80 silly audit   'clone-response': [ '1.0.3' ],
80 silly audit   'mimic-response': [ '1.0.1', '2.1.0', '3.1.0' ],
80 silly audit   'color-convert': [ '2.0.1' ],
80 silly audit   'color-name': [ '1.1.4' ],
80 silly audit   'color-support': [ '1.1.3' ],
80 silly audit   'combined-stream': [ '1.0.8' ],
80 silly audit   commander: [ '4.1.1' ],
80 silly audit   'concat-map': [ '0.0.1' ],
80 silly audit   'concat-stream': [ '2.0.0' ],
80 silly audit   configstore: [ '5.0.1' ],
80 silly audit   'console-control-strings': [ '1.1.0' ],
80 silly audit   'content-disposition': [ '0.5.4' ],
80 silly audit   'content-type': [ '1.0.4' ],
80 silly audit   cookie: [ '0.5.0' ],
80 silly audit   'cookie-signature': [ '1.0.6' ],
80 silly audit   'cpu-features': [ '0.0.4' ],
80 silly audit   'cross-fetch': [ '3.1.5' ],
80 silly audit   'cross-spawn': [ '7.0.3' ],
80 silly audit   'crypto-random-string': [ '2.0.0' ],
80 silly audit   'css-select': [ '5.1.0' ],
80 silly audit   'css-what': [ '6.1.0' ],
80 silly audit   'davie-convert': [ '2.0.2' ],
80 silly audit   dayjs: [ '1.11.6' ],
80 silly audit   'decompress-response': [ '4.2.1', '3.3.0', '6.0.0' ],
80 silly audit   'deep-extend': [ '0.6.0' ],
80 silly audit   'defer-to-connect': [ '1.1.3' ],
80 silly audit   'delayed-stream': [ '1.0.0' ],
80 silly audit   delegates: [ '1.0.0' ],
80 silly audit   denque: [ '2.1.0' ],
80 silly audit   depd: [ '2.0.0' ],
80 silly audit   destroy: [ '1.2.0' ],
80 silly audit   'detect-libc': [ '2.0.1' ],
80 silly audit   'devtools-ts': [ '1.1.3' ],
80 silly audit   'dir-glob': [ '3.0.1' ],
80 silly audit   'discord-gamecord': [ '2.1.0' ],
80 silly audit   'discord-image-generation': [ '1.4.15' ],
80 silly audit   'discord-player': [ '5.1.0' ],
80 silly audit   ws: [ '7.5.9', '8.11.0' ],
80 silly audit   'discord-together': [ '1.3.31' ],
80 silly audit   'discord.js': [ '14.7.1', '13.12.0' ],
80 silly audit   'discord-ytdl-core': [ '5.0.4' ],
80 silly audit   'discord.js-akinator': [ '4.0.4' ],
80 silly audit   'dom-serializer': [ '2.0.0' ],
80 silly audit   'dom-walk': [ '0.1.2' ],
80 silly audit   domelementtype: [ '2.3.0' ],
80 silly audit   domhandler: [ '5.0.3' ],
80 silly audit   domutils: [ '3.0.1' ],
80 silly audit   'dot-prop': [ '5.3.0' ],
80 silly audit   duplexer3: [ '0.1.5' ],
80 silly audit   'ee-first': [ '1.1.1' ],
80 silly audit   'emoji-regex': [ '8.0.0' ],
80 silly audit   encodeurl: [ '1.0.2' ],
80 silly audit   'end-of-stream': [ '1.4.4' ],
80 silly audit   entities: [ '4.4.0' ],
80 silly audit   'env-paths': [ '2.2.1' ],
80 silly audit   esbuild: [ '0.14.54' ],
80 silly audit   'esbuild-android-64': [ '0.14.54' ],
80 silly audit   'esbuild-android-arm64': [ '0.14.54' ],
80 silly audit   'esbuild-darwin-64': [ '0.14.54' ],
80 silly audit   'esbuild-darwin-arm64': [ '0.14.54' ],
80 silly audit   'esbuild-freebsd-64': [ '0.14.54' ],
80 silly audit   'esbuild-freebsd-arm64': [ '0.14.54' ],
80 silly audit   'esbuild-linux-32': [ '0.14.54' ],
80 silly audit   'esbuild-linux-64': [ '0.14.54' ],
80 silly audit   'esbuild-linux-arm': [ '0.14.54' ],
80 silly audit   'esbuild-linux-arm64': [ '0.14.54' ],
80 silly audit   'esbuild-linux-mips64le': [ '0.14.54' ],
80 silly audit   'esbuild-linux-ppc64le': [ '0.14.54' ],
80 silly audit   'esbuild-linux-riscv64': [ '0.14.54' ],
80 silly audit   'esbuild-linux-s390x': [ '0.14.54' ],
80 silly audit   'esbuild-netbsd-64': [ '0.14.54' ],
80 silly audit   'esbuild-openbsd-64': [ '0.14.54' ],
80 silly audit   'esbuild-sunos-64': [ '0.14.54' ],
80 silly audit   'esbuild-windows-32': [ '0.14.54' ],
80 silly audit   'esbuild-windows-64': [ '0.14.54' ],
80 silly audit   'esbuild-windows-arm64': [ '0.14.54' ],
80 silly audit   'escape-html': [ '1.0.3' ],
80 silly audit   etag: [ '1.8.1' ],
80 silly audit   execa: [ '5.1.1' ],
80 silly audit   'exif-parser': [ '0.1.12' ],
80 silly audit   'expand-template': [ '2.0.3' ],
80 silly audit   express: [ '4.18.2' ],
80 silly audit   'fast-deep-equal': [ '3.1.3' ],
80 silly audit   'fast-glob': [ '3.2.12' ],
80 silly audit   'fast-xml-parser': [ '4.0.11' ],
80 silly audit   fastq: [ '1.13.0' ],
80 silly audit   'fetch-blob': [ '3.2.0' ],
80 silly audit   'ffmpeg-static': [ '5.1.0' ],
80 silly audit   'file-uri-to-path': [ '1.0.0' ],
80 silly audit   'fill-range': [ '7.0.1' ],
80 silly audit   finalhandler: [ '1.2.0' ],
80 silly audit   'follow-redirects': [ '1.15.2' ],
80 silly audit   'formdata-polyfill': [ '4.0.10' ],
80 silly audit   forwarded: [ '0.2.0' ],
80 silly audit   fresh: [ '0.5.2' ],
80 silly audit   'fs-constants': [ '1.0.0' ],
80 silly audit   'fs-minipass': [ '2.1.0' ],
80 silly audit   'fs.realpath': [ '1.0.0' ],
80 silly audit   fsevents: [ '2.3.2' ],
80 silly audit   'function-bind': [ '1.1.1' ],
80 silly audit   gauge: [ '3.0.2' ],
80 silly audit   'get-intrinsic': [ '1.1.3' ],
80 silly audit   gifencoder: [ '2.0.1' ],
80 silly audit   gifwrap: [ '0.9.4' ],
80 silly audit   'github-from-package': [ '0.0.0' ],
80 silly audit   glob: [ '8.0.3', '7.2.3', '7.1.6' ],
80 silly audit   'glob-parent': [ '5.1.2' ],
80 silly audit   global: [ '4.4.0' ],
80 silly audit   globby: [ '11.1.0' ],
80 silly audit   got: [ '9.6.0' ],
80 silly audit   'graceful-fs': [ '4.2.10' ],
80 silly audit   has: [ '1.0.3' ],
80 silly audit   'has-flag': [ '4.0.0' ],
80 silly audit   'has-symbols': [ '1.0.3' ],
80 silly audit   'has-unicode': [ '2.0.1' ],
80 silly audit   himalaya: [ '1.1.0' ],
80 silly audit   'html-entities': [ '2.3.3' ],
80 silly audit   htmlparser2: [ '8.0.1' ],
80 silly audit   'http-cache-semantics': [ '4.1.0' ],
80 silly audit   'http-errors': [ '2.0.0' ],
80 silly audit   'http-response-object': [ '3.0.2' ],
80 silly audit   'https-proxy-agent': [ '5.0.1' ],
80 silly audit   'human-signals': [ '2.1.0' ],
80 silly audit   'iconv-lite': [ '0.4.24' ],
80 silly audit   ieee754: [ '1.2.1' ],
80 silly audit   ignore: [ '5.2.1' ],
80 silly audit   'image-q': [ '4.0.0' ],
80 silly audit   imurmurhash: [ '0.1.4' ],
80 silly audit   inflight: [ '1.0.6' ],
80 silly audit   inherits: [ '2.0.4' ],
80 silly audit   ini: [ '1.3.8' ],
80 silly audit   ip: [ '2.0.0' ],
80 silly audit   'ipaddr.js': [ '1.9.1' ],
80 silly audit   'is-binary-path': [ '2.1.0' ],
80 silly audit   'is-extglob': [ '2.1.1' ],
80 silly audit   'is-fullwidth-code-point': [ '3.0.0' ],
80 silly audit   'is-function': [ '1.0.2' ],
80 silly audit   'is-glob': [ '4.0.3' ],
80 silly audit   'is-number': [ '7.0.0' ],
80 silly audit   'is-obj': [ '2.0.0' ],
80 silly audit   'is-stream': [ '2.0.1' ],
80 silly audit   'is-typedarray': [ '1.0.0' ],
80 silly audit   isexe: [ '2.0.0' ],
80 silly audit   jikanjs: [ '0.7.0' ],
80 silly audit   jimp: [ '0.16.2' ],
80 silly audit   joycon: [ '3.1.1' ],
80 silly audit   'jpeg-js': [ '0.4.4' ],
80 silly audit   'json-buffer': [ '3.0.0' ],
80 silly audit   'jsonc-parser': [ '3.2.0' ],
80 silly audit   kareem: [ '2.4.1' ],
80 silly audit   keyv: [ '3.1.0' ],
80 silly audit   libsodium: [ '0.7.10' ],
80 silly audit   'libsodium-wrappers': [ '0.7.10' ],
80 silly audit   lilconfig: [ '2.0.6' ],
80 silly audit   'lines-and-columns': [ '1.2.4' ],
80 silly audit   'load-bmfont': [ '1.4.1' ],
80 silly audit   'load-tsconfig': [ '0.2.3' ],
80 silly audit   lodash: [ '4.17.21' ],
80 silly audit   'lodash.snakecase': [ '4.1.1' ],
80 silly audit   'lodash.sortby': [ '4.7.0' ],
80 silly audit   'lodash.uniqwith': [ '4.5.0' ],
80 silly audit   'lru-cache': [ '6.0.0' ],
80 silly audit   lunr: [ '2.3.9' ],
80 silly audit   m3u8stream: [ '0.8.6' ],
80 silly audit   'make-dir': [ '3.1.0' ],
80 silly audit   semver: [ '6.3.0', '7.3.8' ],
80 silly audit   marked: [ '4.2.3' ],
80 silly audit   'media-typer': [ '0.3.0' ],
80 silly audit   'memory-pager': [ '1.5.0' ],
80 silly audit   'merge-descriptors': [ '1.0.1' ],
80 silly audit   'merge-stream': [ '2.0.0' ],
80 silly audit   merge2: [ '1.4.1' ],
80 silly audit   methods: [ '1.1.2' ],
80 silly audit   micromatch: [ '4.0.5' ],
80 silly audit   mime: [ '1.6.0' ],
80 silly audit   'mime-db': [ '1.52.0' ],
80 silly audit   'mime-types': [ '2.1.35' ],
80 silly audit   'mimic-fn': [ '2.1.0' ],
80 silly audit   'min-document': [ '2.19.0' ],
80 silly audit   miniget: [ '4.2.2' ],
80 silly audit   minimatch: [ '5.1.1', '3.1.2' ],
80 silly audit   minimist: [ '1.2.7' ],
80 silly audit   minipass: [ '3.3.6' ],
80 silly audit   minizlib: [ '2.1.2' ],
80 silly audit   mkdirp: [ '0.5.6', '1.0.4' ],
80 silly audit   'mkdirp-classic': [ '0.5.3' ],
80 silly audit   moment: [ '2.29.4' ],
80 silly audit   'moment-duration-format': [ '2.3.2' ],
80 silly audit   mongodb: [ '4.11.0' ],
80 silly audit   'mongodb-connection-string-url': [ '2.6.0' ],
80 silly audit   mongoose: [ '6.7.5' ],
80 silly audit   mpath: [ '0.9.0' ],
80 silly audit   mquery: [ '4.0.3' ],
80 silly audit   mz: [ '2.7.0' ],
80 silly audit   nan: [ '2.17.0' ],
80 silly audit   naotori: [ '1.1.1' ],
80 silly audit   'napi-build-utils': [ '1.0.2' ],
80 silly audit   negotiator: [ '0.6.3' ],
80 silly audit   'node-abi': [ '3.30.0' ],
80 silly audit   'node-domexception': [ '1.0.0' ],
80 silly audit   'node-fetch': [ '2.6.7' ],
80 silly audit   tr46: [ '0.0.3', '1.0.1', '3.0.0' ],
80 silly audit   'webidl-conversions': [ '3.0.1', '4.0.2', '7.0.0' ],
80 silly audit   'whatwg-url': [ '5.0.0', '7.1.0', '11.0.0' ],
80 silly audit   'node-ssh': [ '12.0.5' ],
80 silly audit   nopt: [ '5.0.0' ],
80 silly audit   'normalize-path': [ '3.0.0' ],
80 silly audit   'normalize-url': [ '4.5.1' ],
80 silly audit   'npm-run-path': [ '4.0.1' ],
80 silly audit   npmlog: [ '5.0.1' ],
80 silly audit   'nth-check': [ '2.1.1' ],
80 silly audit   'object-assign': [ '4.1.1' ],
80 silly audit   'object-inspect': [ '1.12.2' ],
80 silly audit   omggif: [ '1.0.10' ],
80 silly audit   'on-finished': [ '2.4.1' ],
80 silly audit   once: [ '1.4.0' ],
80 silly audit   onetime: [ '5.1.2' ],
80 silly audit   opusscript: [ '0.0.8' ],
80 silly audit   'p-cancelable': [ '1.1.0' ],
80 silly audit   pako: [ '1.0.11' ],
80 silly audit   'parse-bmfont-ascii': [ '1.0.6' ],
80 silly audit   'parse-bmfont-binary': [ '1.0.6' ],
80 silly audit   'parse-bmfont-xml': [ '1.1.4' ],
80 silly audit   'parse-cache-control': [ '1.0.1' ],
80 silly audit   'parse-headers': [ '2.0.5' ],
80 silly audit   'parse-ms': [ '2.1.0' ],
80 silly audit   parse5: [ '7.1.2' ],
80 silly audit   'parse5-htmlparser2-tree-adapter': [ '7.0.0' ],
80 silly audit   parseurl: [ '1.3.3' ],
80 silly audit   'path-is-absolute': [ '1.0.1' ],
80 silly audit   'path-key': [ '3.1.1' ],
80 silly audit   'path-to-regexp': [ '0.1.7' ],
80 silly audit   'path-type': [ '4.0.0' ],
80 silly audit   'peek-readable': [ '5.0.0' ],
80 silly audit   phin: [ '2.9.3' ],
80 silly audit   picomatch: [ '2.3.1' ],
80 silly audit   pirates: [ '4.0.5' ],
80 silly audit   pixelmatch: [ '4.0.2' ],
80 silly audit   'play-audio': [ '0.5.2' ],
80 silly audit   'play-dl': [ '1.9.6' ],
80 silly audit   pngjs: [ '3.4.0' ],
80 silly audit   'postcss-load-config': [ '3.1.4' ],
80 silly audit   'prebuild-install': [ '7.1.1' ],
80 silly audit   'simple-get': [ '4.0.1', '3.1.1' ],
80 silly audit   'prepend-http': [ '2.0.0' ],
80 silly audit   'pretty-ms': [ '7.0.1' ],
80 silly audit   'prism-media': [ '1.3.4' ],
80 silly audit   'pro.db': [ '3.0.8' ],
80 silly audit   process: [ '0.11.10' ],
80 silly audit   progress: [ '2.0.3' ],
80 silly audit   'prompt-sync': [ '4.2.0' ],
80 silly audit   'strip-ansi': [ '5.2.0', '6.0.1' ],
80 silly audit   'proxy-addr': [ '2.0.7' ],
80 silly audit   'proxy-from-env': [ '1.1.0' ],
80 silly audit   pump: [ '3.0.0' ],
80 silly audit   punycode: [ '2.1.1' ],
80 silly audit   qs: [ '6.11.0' ],
80 silly audit   'queue-microtask': [ '1.2.3' ],
80 silly audit   'quick.db': [ '7.1.3' ],
80 silly audit   'range-parser': [ '1.2.1' ],
80 silly audit   'raw-body': [ '2.5.1' ],
80 silly audit   rc: [ '1.2.8' ],
80 silly audit   'readable-stream': [ '3.6.0' ],
80 silly audit   'readable-web-to-node-stream': [ '3.0.2' ],
80 silly audit   readdirp: [ '3.6.0' ],
80 silly audit   'regenerator-runtime': [ '0.13.11' ],
80 silly audit   'resolve-from': [ '5.0.0' ],
80 silly audit   responselike: [ '1.0.2' ],
80 silly audit   reusify: [ '1.0.4' ],
80 silly audit   rimraf: [ '3.0.2' ],
80 silly audit   rollup: [ '2.79.1' ],
80 silly audit   'run-parallel': [ '1.2.0' ],
80 silly audit   'safe-buffer': [ '5.2.1' ],
80 silly audit   'safer-buffer': [ '2.1.2' ],
80 silly audit   saslprep: [ '1.0.3' ],
80 silly audit   sax: [ '1.2.4' ],
80 silly audit   'sb-promise-queue': [ '2.1.0' ],
80 silly audit   'sb-scandir': [ '3.1.0' ],
80 silly audit   send: [ '0.18.0' ],
80 silly audit   'serve-static': [ '1.15.0' ],
80 silly audit   'set-blocking': [ '2.0.0' ],
80 silly audit   setprototypeof: [ '1.2.0' ],
80 silly audit   'shebang-command': [ '2.0.0' ],
80 silly audit   'shebang-regex': [ '3.0.0' ],
80 silly audit   'shell-escape': [ '0.2.0' ],
80 silly audit   shiki: [ '0.10.1' ],
80 silly audit   'side-channel': [ '1.0.4' ],
80 silly audit   sift: [ '16.0.1' ],
80 silly audit   'signal-exit': [ '3.0.7' ],
80 silly audit   'simple-concat': [ '1.0.1' ],
80 silly audit   slash: [ '3.0.0' ],
80 silly audit   'smart-buffer': [ '4.2.0' ],
80 silly audit   socks: [ '2.7.1' ],
80 silly audit   'soundcloud-scraper': [ '5.0.3' ],
80 silly audit   'source-map': [ '0.8.0-beta.0' ],
80 silly audit   'sparse-bitfield': [ '3.0.3' ],
80 silly audit   'spotify-uri': [ '2.2.2' ],
80 silly audit   'spotify-url-info': [ '2.2.9' ],
80 silly audit   ssh2: [ '1.11.0' ],
80 silly audit   statuses: [ '2.0.1' ],
80 silly audit   streamsearch: [ '1.1.0' ],
80 silly audit   string_decoder: [ '1.3.0' ],
80 silly audit   'string-width': [ '4.2.3' ],
80 silly audit   'strip-final-newline': [ '2.0.0' ],
80 silly audit   'strip-json-comments': [ '2.0.1' ],
80 silly audit   strnum: [ '1.0.5' ],
80 silly audit   strtok3: [ '7.0.0' ],
80 silly audit   sucrase: [ '3.29.0' ],
80 silly audit   'supports-color': [ '7.2.0' ],
80 silly audit   tar: [ '6.1.12' ],
80 silly audit   'tar-fs': [ '2.1.1' ],
80 silly audit   'tar-stream': [ '2.2.0' ],
80 silly audit   thenify: [ '3.3.1' ],
80 silly audit   'thenify-all': [ '1.6.0' ],
80 silly audit   timm: [ '1.7.1' ],
80 silly audit   'tiny-typed-emitter': [ '2.1.0' ],
80 silly audit   tinycolor2: [ '1.4.2' ],
80 silly audit   'to-readable-stream': [ '1.0.0' ],
80 silly audit   'to-regex-range': [ '5.0.1' ],
80 silly audit   toidentifier: [ '1.0.1' ],
80 silly audit   'token-types': [ '5.0.1' ],
80 silly audit   'tree-kill': [ '1.2.2' ],
80 silly audit   'ts-interface-checker': [ '0.1.13' ],
80 silly audit   'ts-mixer': [ '6.0.2' ],
80 silly audit   tsup: [ '5.12.9' ],
80 silly audit   'tunnel-agent': [ '0.6.0' ],
80 silly audit   tweetnacl: [ '0.14.5' ],
80 silly audit   'type-is': [ '1.6.18' ],
80 silly audit   typedarray: [ '0.0.6' ],
80 silly audit   'typedarray-to-buffer': [ '3.1.5' ],
80 silly audit   typedoc: [ '0.22.18' ],
80 silly audit   'typedoc-plugin-missing-exports': [ '0.22.6' ],
80 silly audit   typescript: [ '4.7.4' ],
80 silly audit   undici: [ '5.13.0' ],
80 silly audit   'unique-string': [ '2.0.0' ],
80 silly audit   unpipe: [ '1.0.0' ],
80 silly audit   'url-parse-lax': [ '3.0.0' ],
80 silly audit   utif: [ '2.0.1' ],
80 silly audit   'util-deprecate': [ '1.0.2' ],
80 silly audit   'utils-merge': [ '1.0.1' ],
80 silly audit   uuid: [ '8.3.2' ],
80 silly audit   vary: [ '1.1.2' ],
80 silly audit   'vscode-oniguruma': [ '1.7.0' ],
80 silly audit   'vscode-textmate': [ '5.2.0' ],
80 silly audit   'web-streams-polyfill': [ '3.2.1' ],
80 silly audit   which: [ '2.0.2' ],
80 silly audit   'wide-align': [ '1.1.5' ],
80 silly audit   wrappy: [ '1.0.2' ],
80 silly audit   'write-file-atomic': [ '3.0.3' ],
80 silly audit   'xdg-basedir': [ '4.0.0' ],
80 silly audit   xhr: [ '2.6.0' ],
80 silly audit   'xml-parse-from-string': [ '1.0.1' ],
80 silly audit   xml2js: [ '0.4.23' ],
80 silly audit   xmlbuilder: [ '11.0.1' ],
80 silly audit   xtend: [ '4.0.2' ],
80 silly audit   yallist: [ '4.0.0' ],
80 silly audit   yaml: [ '1.10.2' ],
80 silly audit   'youtube-sr': [ '4.3.4' ],
80 silly audit   'ytdl-core': [ '4.11.2' ]
80 silly audit }
81 verbose reify failed optional dependency /home/container/node_modules/@napi-rs/canvas-win32-x64-msvc
82 silly reify mark deleted [ '/home/container/node_modules/@napi-rs/canvas-win32-x64-msvc' ]
83 verbose reify failed optional dependency /home/container/node_modules/@napi-rs/canvas-linux-arm64-musl
84 silly reify mark deleted [ '/home/container/node_modules/@napi-rs/canvas-linux-arm64-musl' ]
85 verbose reify failed optional dependency /home/container/node_modules/@napi-rs/canvas-linux-arm64-gnu
86 silly reify mark deleted [ '/home/container/node_modules/@napi-rs/canvas-linux-arm64-gnu' ]
87 verbose reify failed optional dependency /home/container/node_modules/@napi-rs/canvas-linux-arm-gnueabihf
88 silly reify mark deleted [ '/home/container/node_modules/@napi-rs/canvas-linux-arm-gnueabihf' ]
89 verbose reify failed optional dependency /home/container/node_modules/@napi-rs/canvas-darwin-x64
90 silly reify mark deleted [ '/home/container/node_modules/@napi-rs/canvas-darwin-x64' ]
91 verbose reify failed optional dependency /home/container/node_modules/@napi-rs/canvas-darwin-arm64
92 silly reify mark deleted [ '/home/container/node_modules/@napi-rs/canvas-darwin-arm64' ]
93 verbose reify failed optional dependency /home/container/node_modules/@napi-rs/canvas-android-arm64
94 silly reify mark deleted [ '/home/container/node_modules/@napi-rs/canvas-android-arm64' ]
95 verbose reify failed optional dependency /home/container/node_modules/@esbuild/linux-loong64
96 silly reify mark deleted [ '/home/container/node_modules/@esbuild/linux-loong64' ]
97 verbose reify failed optional dependency /home/container/node_modules/fsevents
98 silly reify mark deleted [ '/home/container/node_modules/fsevents' ]
99 verbose reify failed optional dependency /home/container/node_modules/esbuild-windows-arm64
100 silly reify mark deleted [ '/home/container/node_modules/esbuild-windows-arm64' ]
101 verbose reify failed optional dependency /home/container/node_modules/esbuild-windows-64
102 silly reify mark deleted [ '/home/container/node_modules/esbuild-windows-64' ]
103 verbose reify failed optional dependency /home/container/node_modules/esbuild-windows-32
104 silly reify mark deleted [ '/home/container/node_modules/esbuild-windows-32' ]
105 verbose reify failed optional dependency /home/container/node_modules/esbuild-sunos-64
106 silly reify mark deleted [ '/home/container/node_modules/esbuild-sunos-64' ]
107 verbose reify failed optional dependency /home/container/node_modules/esbuild-openbsd-64
108 silly reify mark deleted [ '/home/container/node_modules/esbuild-openbsd-64' ]
109 verbose reify failed optional dependency /home/container/node_modules/esbuild-netbsd-64
110 silly reify mark deleted [ '/home/container/node_modules/esbuild-netbsd-64' ]
111 verbose reify failed optional dependency /home/container/node_modules/esbuild-linux-s390x
112 silly reify mark deleted [ '/home/container/node_modules/esbuild-linux-s390x' ]
113 verbose reify failed optional dependency /home/container/node_modules/esbuild-linux-riscv64
114 silly reify mark deleted [ '/home/container/node_modules/esbuild-linux-riscv64' ]
115 verbose reify failed optional dependency /home/container/node_modules/esbuild-linux-ppc64le
116 silly reify mark deleted [ '/home/container/node_modules/esbuild-linux-ppc64le' ]
117 verbose reify failed optional dependency /home/container/node_modules/esbuild-linux-mips64le
118 silly reify mark deleted [ '/home/container/node_modules/esbuild-linux-mips64le' ]
119 verbose reify failed optional dependency /home/container/node_modules/esbuild-linux-arm64
120 silly reify mark deleted [ '/home/container/node_modules/esbuild-linux-arm64' ]
121 verbose reify failed optional dependency /home/container/node_modules/esbuild-linux-arm
122 silly reify mark deleted [ '/home/container/node_modules/esbuild-linux-arm' ]
123 verbose reify failed optional dependency /home/container/node_modules/esbuild-linux-32
124 silly reify mark deleted [ '/home/container/node_modules/esbuild-linux-32' ]
125 verbose reify failed optional dependency /home/container/node_modules/esbuild-freebsd-arm64
126 silly reify mark deleted [ '/home/container/node_modules/esbuild-freebsd-arm64' ]
127 verbose reify failed optional dependency /home/container/node_modules/esbuild-freebsd-64
128 silly reify mark deleted [ '/home/container/node_modules/esbuild-freebsd-64' ]
129 verbose reify failed optional dependency /home/container/node_modules/esbuild-darwin-arm64
130 silly reify mark deleted [ '/home/container/node_modules/esbuild-darwin-arm64' ]
131 verbose reify failed optional dependency /home/container/node_modules/esbuild-darwin-64
132 silly reify mark deleted [ '/home/container/node_modules/esbuild-darwin-64' ]
133 verbose reify failed optional dependency /home/container/node_modules/esbuild-android-arm64
134 silly reify mark deleted [ '/home/container/node_modules/esbuild-android-arm64' ]
135 verbose reify failed optional dependency /home/container/node_modules/esbuild-android-64
136 silly reify mark deleted [ '/home/container/node_modules/esbuild-android-64' ]
137 timing reifyNode:node_modules/@napi-rs/canvas-win32-x64-msvc Completed in 13ms
138 timing reifyNode:node_modules/@napi-rs/canvas-linux-arm64-musl Completed in 13ms
139 timing reifyNode:node_modules/@napi-rs/canvas-linux-arm64-gnu Completed in 12ms
140 timing reifyNode:node_modules/@napi-rs/canvas-linux-arm-gnueabihf Completed in 12ms
141 timing reifyNode:node_modules/@napi-rs/canvas-darwin-x64 Completed in 12ms
142 timing reifyNode:node_modules/@napi-rs/canvas-darwin-arm64 Completed in 12ms
143 timing reifyNode:node_modules/@napi-rs/canvas-android-arm64 Completed in 11ms
144 timing reifyNode:node_modules/@esbuild/linux-loong64 Completed in 11ms
145 timing reifyNode:node_modules/fsevents Completed in 12ms
146 timing reifyNode:node_modules/esbuild-windows-arm64 Completed in 12ms
147 timing reifyNode:node_modules/esbuild-windows-64 Completed in 12ms
148 timing reifyNode:node_modules/esbuild-windows-32 Completed in 12ms
149 timing reifyNode:node_modules/esbuild-sunos-64 Completed in 11ms
150 timing reifyNode:node_modules/esbuild-openbsd-64 Completed in 11ms
151 timing reifyNode:node_modules/esbuild-netbsd-64 Completed in 11ms
152 timing reifyNode:node_modules/esbuild-linux-s390x Completed in 11ms
153 timing reifyNode:node_modules/esbuild-linux-riscv64 Completed in 11ms
154 timing reifyNode:node_modules/esbuild-linux-ppc64le Completed in 11ms
155 timing reifyNode:node_modules/esbuild-linux-mips64le Completed in 11ms
156 timing reifyNode:node_modules/esbuild-linux-arm64 Completed in 10ms
157 timing reifyNode:node_modules/esbuild-linux-arm Completed in 10ms
158 timing reifyNode:node_modules/esbuild-linux-32 Completed in 10ms
159 timing reifyNode:node_modules/esbuild-freebsd-arm64 Completed in 11ms
160 timing reifyNode:node_modules/esbuild-freebsd-64 Completed in 11ms
161 timing reifyNode:node_modules/esbuild-darwin-arm64 Completed in 10ms
162 timing reifyNode:node_modules/esbuild-darwin-64 Completed in 10ms
163 timing reifyNode:node_modules/esbuild-android-arm64 Completed in 10ms
164 timing reifyNode:node_modules/esbuild-android-64 Completed in 10ms
165 timing reify:unpack Completed in 15ms
166 timing reify:unretire Completed in 0ms
167 timing build:queue Completed in 35ms
168 timing build:deps Completed in 36ms
169 timing build Completed in 36ms
170 timing reify:build Completed in 37ms
171 timing reify:trash Completed in 53ms
172 http fetch POST 200 https://registry.npmjs.org/-/npm/v1/security/advisories/bulk 397ms
173 timing auditReport:getReport Completed in 415ms
174 silly audit report {
174 silly audit report   got: [
174 silly audit report     {
174 silly audit report       id: 1080920,
174 silly audit report       url: 'https://github.com/advisories/GHSA-pfrx-2q88-qq97',
174 silly audit report       title: 'Got allows a redirect to a UNIX socket',
174 silly audit report       severity: 'moderate',
174 silly audit report       vulnerable_versions: '<11.8.5',
174 silly audit report       cwe: [],
174 silly audit report       cvss: [Object]
174 silly audit report     }
174 silly audit report   ]
174 silly audit report }
175 timing reify:save Completed in 288ms
176 timing metavuln:cache:get:security-advisory:got:VDAqdWeBprXIM3ID/tj0yOqinr2LIY3dglkA/C/aM/Y9MNOK816kL4DQvwHiY6OuV+J0HRHAYvZDHl0QaZw/Og== Completed in 93ms
177 http fetch GET 200 https://registry.npmjs.org/got 116ms (cache revalidated)
178 timing metavuln:packument:got Completed in 121ms
179 timing metavuln:load:security-advisory:got:1080920 Completed in 3ms
180 timing metavuln:calculate:security-advisory:got:1080920 Completed in 125ms
181 timing metavuln:cache:get:security-advisory:@vitalets/google-translate-api:/Z/wRhwqrOfueOMkSx14ndllmhoIH8ezWSWX7/+dbl7IbvwImKMs1H1Galq09lGblv0+3zjfFsIuDrq4iAboTg== Completed in 3ms
182 http fetch GET 200 https://registry.npmjs.org/@vitalets%2fgoogle-translate-api 1409ms (cache revalidated)
183 timing metavuln:packument:@vitalets/google-translate-api Completed in 1410ms
184 timing metavuln:load:security-advisory:@vitalets/google-translate-api:VDAqdWeBprXIM3ID/tj0yOqinr2LIY3dglkA/C/aM/Y9MNOK816kL4DQvwHiY6OuV+J0HRHAYvZDHl0QaZw/Og== Completed in 0ms
185 timing metavuln:calculate:security-advisory:@vitalets/google-translate-api:VDAqdWeBprXIM3ID/tj0yOqinr2LIY3dglkA/C/aM/Y9MNOK816kL4DQvwHiY6OuV+J0HRHAYvZDHl0QaZw/Og== Completed in 1412ms
186 timing metavuln:cache:get:security-advisory:discord.js-akinator:+8eGWUqqm+LhE1LxZzi7pic0wpfxNA5QNgUnwGFEkc//lc70QOhWcBgHM2SQW4UJw0kNj4qnThnfHiRI2S1MPA== Completed in 5ms
187 http fetch GET 200 https://registry.npmjs.org/discord.js-akinator 199ms (cache revalidated)
188 timing metavuln:packument:discord.js-akinator Completed in 200ms
189 timing metavuln:load:security-advisory:discord.js-akinator:/Z/wRhwqrOfueOMkSx14ndllmhoIH8ezWSWX7/+dbl7IbvwImKMs1H1Galq09lGblv0+3zjfFsIuDrq4iAboTg== Completed in 1ms
190 timing metavuln:calculate:security-advisory:discord.js-akinator:/Z/wRhwqrOfueOMkSx14ndllmhoIH8ezWSWX7/+dbl7IbvwImKMs1H1Galq09lGblv0+3zjfFsIuDrq4iAboTg== Completed in 201ms
191 timing auditReport:init Completed in 1757ms
192 timing reify:audit Completed in 2174ms
193 timing reify Completed in 4511ms
194 silly CHANGE node_modules/@napi-rs/canvas-win32-x64-msvc
195 silly CHANGE node_modules/@napi-rs/canvas-linux-arm64-musl
196 silly CHANGE node_modules/@napi-rs/canvas-linux-arm64-gnu
197 silly CHANGE node_modules/@napi-rs/canvas-linux-arm-gnueabihf
198 silly CHANGE node_modules/@napi-rs/canvas-darwin-x64
199 silly CHANGE node_modules/@napi-rs/canvas-darwin-arm64
200 silly CHANGE node_modules/@napi-rs/canvas-android-arm64
201 silly CHANGE node_modules/@esbuild/linux-loong64
202 silly CHANGE node_modules/fsevents
203 silly CHANGE node_modules/esbuild-windows-arm64
204 silly CHANGE node_modules/esbuild-windows-64
205 silly CHANGE node_modules/esbuild-windows-32
206 silly CHANGE node_modules/esbuild-sunos-64
207 silly CHANGE node_modules/esbuild-openbsd-64
208 silly CHANGE node_modules/esbuild-netbsd-64
209 silly CHANGE node_modules/esbuild-linux-s390x
210 silly CHANGE node_modules/esbuild-linux-riscv64
211 silly CHANGE node_modules/esbuild-linux-ppc64le
212 silly CHANGE node_modules/esbuild-linux-mips64le
213 silly CHANGE node_modules/esbuild-linux-arm64
214 silly CHANGE node_modules/esbuild-linux-arm
215 silly CHANGE node_modules/esbuild-linux-32
216 silly CHANGE node_modules/esbuild-freebsd-arm64
217 silly CHANGE node_modules/esbuild-freebsd-64
218 silly CHANGE node_modules/esbuild-darwin-arm64
219 silly CHANGE node_modules/esbuild-darwin-64
220 silly CHANGE node_modules/esbuild-android-arm64
221 silly CHANGE node_modules/esbuild-android-64
222 timing command:install Completed in 4544ms
223 verbose exit 0
224 timing npm Completed in 4617ms
225 info ok
