0 verbose cli /usr/local/bin/node /usr/local/bin/npm
1 info using npm@9.2.0
2 info using node@v18.12.1
3 timing npm:load:whichnode Completed in 0ms
4 timing config:load:defaults Completed in 14ms
5 timing config:load:file:/usr/local/lib/node_modules/npm/npmrc Completed in 3ms
6 timing config:load:builtin Completed in 3ms
7 timing config:load:cli Completed in 2ms
8 timing config:load:env Completed in 0ms
9 timing config:load:project Completed in 2ms
10 timing config:load:file:/home/container/.npmrc Completed in 1ms
11 timing config:load:user Completed in 1ms
12 timing config:load:file:/usr/local/etc/npmrc Completed in 2ms
13 timing config:load:global Completed in 2ms
14 timing config:load:setEnvs Completed in 2ms
15 timing config:load Completed in 27ms
16 timing npm:load:configload Completed in 28ms
17 timing npm:load:mkdirpcache Completed in 0ms
18 timing npm:load:mkdirplogs Completed in 0ms
19 verbose title npm install discord.js
20 verbose argv "install" "discord.js"
21 timing npm:load:setTitle Completed in 2ms
22 timing config:load:flatten Completed in 4ms
23 timing npm:load:display Completed in 4ms
24 verbose logfile logs-max:10 dir:/home/container/.npm/_logs/2023-01-02T07_58_23_455Z-
25 verbose logfile /home/container/.npm/_logs/2023-01-02T07_58_23_455Z-debug-0.log
26 timing npm:load:logFile Completed in 6ms
27 timing npm:load:timers Completed in 0ms
28 timing npm:load:configScope Completed in 0ms
29 timing npm:load Completed in 41ms
30 silly logfile start cleaning logs, removing 1 files
31 timing config:load:flatten Completed in 1ms
32 timing arborist:ctor Completed in 1ms
33 silly logfile done cleaning log files
34 timing idealTree Completed in 8ms
35 timing command:install Completed in 17ms
36 verbose stack JSONParseError: Unexpected token "/" (0x2F) in JSON at position 1380 while parsing near "...e\": \"^4.11.2\"\n  }\n}\n///////////bob"
36 verbose stack     at /usr/local/lib/node_modules/npm/node_modules/read-package-json-fast/lib/index.js:11:61
36 verbose stack     at async Arborist.buildIdealTree (/usr/local/lib/node_modules/npm/node_modules/@npmcli/arborist/lib/arborist/build-ideal-tree.js:203:7)
36 verbose stack     at async Promise.all (index 1)
36 verbose stack     at async Arborist.reify (/usr/local/lib/node_modules/npm/node_modules/@npmcli/arborist/lib/arborist/reify.js:156:5)
36 verbose stack     at async Install.exec (/usr/local/lib/node_modules/npm/lib/commands/install.js:146:5)
36 verbose stack     at async module.exports (/usr/local/lib/node_modules/npm/lib/cli.js:133:5)
37 verbose cwd /home/container
38 verbose Linux 5.4.0-122-generic
39 verbose node v18.12.1
40 verbose npm  v9.2.0
41 error code EJSONPARSE
42 error path /home/container/package.json
43 error JSON.parse Unexpected token "/" (0x2F) in JSON at position 1380 while parsing near "...e\": \"^4.11.2\"\n  }\n}\n///////////bob"
44 error JSON.parse Failed to parse JSON data.
44 error JSON.parse Note: package.json must be actual JSON, not just JavaScript.
45 verbose exit 1
46 timing npm Completed in 118ms
47 verbose unfinished npm timer reify 1672646303561
48 verbose unfinished npm timer reify:loadTrees 1672646303563
49 verbose unfinished npm timer idealTree:init 1672646303565
50 verbose code 1
51 error A complete log of this run can be found in:
51 error     /home/container/.npm/_logs/2023-01-02T07_58_23_455Z-debug-0.log
